<?xml version="1.0" encoding="UTF-8"?>
<testsuite name="org.hyperledger.fabric.samples.assettransfer.AssetTransferTest$UpdateAssetTransaction" tests="2" skipped="0" failures="0" errors="0" timestamp="2022-04-22T08:00:29" hostname="DESKTOP-NIVLG5R" time="0.023">
  <properties/>
  <testcase name="whenAssetExists()" classname="org.hyperledger.fabric.samples.assettransfer.AssetTransferTest$UpdateAssetTransaction" time="0.009"/>
  <testcase name="whenAssetDoesNotExist()" classname="org.hyperledger.fabric.samples.assettransfer.AssetTransferTest$UpdateAssetTransaction" time="0.013"/>
  <system-out><![CDATA[Asset asset1 does not exist
]]></system-out>
  <system-err><![CDATA[]]></system-err>
</testsuite>
