<?xml version="1.0" encoding="UTF-8"?>
<testsuite name="org.hyperledger.fabric.samples.assettransfer.AssetTest" tests="1" skipped="0" failures="0" errors="0" timestamp="2022-04-22T08:00:19" hostname="DESKTOP-NIVLG5R" time="1.252">
  <properties/>
  <testcase name="toStringIdentifiesAsset()" classname="org.hyperledger.fabric.samples.assettransfer.AssetTest" time="1.252"/>
  <system-out><![CDATA[]]></system-out>
  <system-err><![CDATA[]]></system-err>
</testsuite>
